生成启动时间为 2020/06/19 11:55:04。
     1>项目“E:\Work\Code\MECProcedure\MECProcedure\MECProcedure.vcxproj”在节点 2 上(build 个目标)。
     1>InitializeBuildStatus:
         正在创建“Debug\MECProcedure.unsuccessfulbuild”，因为已指定“AlwaysCreate”。
       ClCompile:
         所有输出均为最新。
         c:\Program Files (x86)\Microsoft Visual Studio 10.0\VC\bin\CL.exe /c /ZI /nologo /W3 /WX- /Od /Oy- /D WIN32 /D _WINDOWS /D _DEBUG /D _MBCS /Gm /EHsc /RTC1 /MTd /GS /fp:precise /Zc:wchar_t /Zc:forScope /Yu"StdAfx.h" /Fp"Debug\MECProcedure.pch" /Fo"Debug\\" /Fd"Debug\vc100.pdb" /Gd /TP /analyze- /errorReport:prompt DlgRealPlayPage.cpp DlgRealPlayWnd.cpp
         DlgRealPlayWnd.cpp
         DlgRealPlayPage.cpp
         正在生成代码...
       ResourceCompile:
         所有输出均为最新。
       ManifestResourceCompile:
         所有输出均为最新。
       Link:
         c:\Program Files (x86)\Microsoft Visual Studio 10.0\VC\bin\link.exe /ERRORREPORT:PROMPT /OUT:"E:\Work\Code\MECProcedure\Debug\MECProcedure.exe" /INCREMENTAL /NOLOGO /MANIFEST /ManifestFile:"Debug\MECProcedure.exe.intermediate.manifest" /MANIFESTUAC:"level='asInvoker' uiAccess='false'" /DEBUG /PDB:"E:\Work\Code\MECProcedure\Debug\MECProcedure.pdb" /SUBSYSTEM:WINDOWS /TLBID:1 /DYNAMICBASE /NXCOMPAT /IMPLIB:"E:\Work\Code\MECProcedure\Debug\MECProcedure.lib" /MACHINE:X86 Debug\MECProcedure.res
         Debug\MECProcedure.exe.embed.manifest.res
         Debug\CameraSDK.obj
         Debug\DHSdk.obj
         Debug\DlgRealPlayPage.obj
         Debug\DlgRealPlayWnd.obj
         Debug\HKSdk.obj
         Debug\MECProcedure.obj
         Debug\MECProcedureDlg.obj
         Debug\MyStatic.obj
         Debug\stdafx.obj
       Manifest:
         C:\Program Files (x86)\Microsoft SDKs\Windows\v7.0A\bin\mt.exe /nologo /verbose /out:"Debug\MECProcedure.exe.embed.manifest" /manifest Debug\MECProcedure.exe.intermediate.manifest "c:\Program Files (x86)\Microsoft Visual Studio 10.0\VC\Include\Manifest\dpiaware.manifest"
         所有输出均为最新。
       LinkEmbedManifest:
         所有输出均为最新。
         MECProcedure.vcxproj -> E:\Work\Code\MECProcedure\Debug\MECProcedure.exe
       FinalizeBuildStatus:
         正在删除文件“Debug\MECProcedure.unsuccessfulbuild”。
         正在对“Debug\MECProcedure.lastbuildstate”执行 Touch 任务。
     1>已完成生成项目“E:\Work\Code\MECProcedure\MECProcedure\MECProcedure.vcxproj”(build 个目标)的操作。

生成成功。

已用时间 00:00:01.46
